#
# There is insufficient memory for the Java Runtime Environment to continue.
# Native memory allocation (mmap) failed to map 65536 bytes for Failed to commit metaspace.
# Possible reasons:
#   The system is out of physical RAM or swap space
#   The process is running with CompressedOops enabled, and the Java Heap may be blocking the growth of the native heap
# Possible solutions:
#   Reduce memory load on the system
#   Increase physical memory or swap space
#   Check if swap backing store is full
#   Decrease Java heap size (-Xmx/-Xms)
#   Decrease number of Java threads
#   Decrease Java thread stack sizes (-Xss)
#   Set larger code cache with -XX:ReservedCodeCacheSize=
#   JVM is running with Unscaled Compressed Oops mode in which the Java heap is
#     placed in the first 4GB address space. The Java Heap base address is the
#     maximum limit for the native heap growth. Please use -XX:HeapBaseMinAddress
#     to set the Java Heap base and to place the Java Heap above 4GB virtual address.
# This output file may be truncated or incomplete.
#
#  Out of Memory Error (virtualSpaceNode.cpp:110), pid=8876, tid=9464
#
# JRE version: OpenJDK Runtime Environment Temurin-17.0.7+7 (17.0.7+7) (build 17.0.7+7)
# Java VM: OpenJDK 64-Bit Server VM Temurin-17.0.7+7 (17.0.7+7, mixed mode, tiered, compressed oops, compressed class ptrs, g1 gc, windows-amd64)
# No core dump will be written. Minidumps are not enabled by default on client versions of Windows
#

---------------  S U M M A R Y ------------

Command Line: -Dfile.encoding=UTF-8 --module-path=D:\E-projects\SNAKEgAME\bin -XX:+ShowCodeDetailsInExceptionMessages -Djdk.module.main=SNAKEgAME SNAKEgAME/SG1.SnakeGame1

Host: Intel(R) Pentium(R) CPU A1018 @ 2.10GHz, 2 cores, 3G,  Windows 10 , 64 bit Build 19041 (10.0.19041.3393)
Time: Wed Oct  4 18:26:35 2023 India Standard Time elapsed time: 1.602222 seconds (0d 0h 0m 1s)

---------------  T H R E A D  ---------------

Current thread (0x00000212196447b0):  JavaThread "AWT-EventQueue-0" [_thread_in_vm, id=9464, stack(0x000000b964c00000,0x000000b964d00000)]

Stack: [0x000000b964c00000,0x000000b964d00000]
Native frames: (J=compiled Java code, j=interpreted, Vv=VM code, C=native code)
V  [jvm.dll+0x67754a]
V  [jvm.dll+0x834304]
V  [jvm.dll+0x835aae]
V  [jvm.dll+0x836113]
V  [jvm.dll+0x24696f]
V  [jvm.dll+0x83039b]
V  [jvm.dll+0x61c006]
V  [jvm.dll+0x61c06a]
V  [jvm.dll+0x61e89a]
V  [jvm.dll+0x61c9a6]
V  [jvm.dll+0x2442bc]
V  [jvm.dll+0x6cdf4d]
V  [jvm.dll+0x6ce97f]
V  [jvm.dll+0x371b23]
V  [jvm.dll+0x370bc4]
V  [jvm.dll+0x370b68]
V  [jvm.dll+0x560055]
V  [jvm.dll+0x55ef74]
V  [jvm.dll+0x384a64]
V  [jvm.dll+0x3840cf]
C  0x000002120d0aa080

Java frames: (J=compiled Java code, j=interpreted, Vv=VM code)
j  java.awt.image.DirectColorModel.createCompatibleWritableRaster(II)Ljava/awt/image/WritableRaster;+83 java.desktop@17.0.7
j  java.awt.GraphicsConfiguration.createCompatibleImage(II)Ljava/awt/image/BufferedImage;+8 java.desktop@17.0.7
j  java.awt.GraphicsConfiguration.createCompatibleImage(III)Ljava/awt/image/BufferedImage;+14 java.desktop@17.0.7
j  sun.awt.image.SunVolatileImage.getBackupImage(DD)Ljava/awt/image/BufferedImage;+36 java.desktop@17.0.7
j  sun.awt.image.VolatileSurfaceManager.getBackupSurface()Lsun/java2d/SurfaceData;+38 java.desktop@17.0.7
j  sun.awt.image.VolatileSurfaceManager.initialize()V+49 java.desktop@17.0.7
j  sun.awt.image.SunVolatileImage.<init>(Ljava/awt/Component;Ljava/awt/GraphicsConfiguration;IILjava/lang/Object;ILjava/awt/ImageCapabilities;I)V+119 java.desktop@17.0.7
j  sun.awt.image.SunVolatileImage.<init>(Ljava/awt/GraphicsConfiguration;IIILjava/awt/ImageCapabilities;)V+11 java.desktop@17.0.7
j  java.awt.GraphicsConfiguration.createCompatibleVolatileImage(IILjava/awt/ImageCapabilities;I)Ljava/awt/image/VolatileImage;+10 java.desktop@17.0.7
j  java.awt.GraphicsConfiguration.createCompatibleVolatileImage(III)Ljava/awt/image/VolatileImage;+8 java.desktop@17.0.7
j  javax.swing.RepaintManager.getVolatileOffscreenBuffer(Ljava/awt/Component;II)Ljava/awt/Image;+221 java.desktop@17.0.7
j  javax.swing.RepaintManager$PaintManager.paint(Ljavax/swing/JComponent;Ljavax/swing/JComponent;Ljava/awt/Graphics;IIII)Z+35 java.desktop@17.0.7
j  javax.swing.RepaintManager.paint(Ljavax/swing/JComponent;Ljavax/swing/JComponent;Ljava/awt/Graphics;IIII)V+52 java.desktop@17.0.7
j  javax.swing.JComponent.paint(Ljava/awt/Graphics;)V+221 java.desktop@17.0.7
j  java.awt.GraphicsCallback$PaintCallback.run(Ljava/awt/Component;Ljava/awt/Graphics;)V+2 java.desktop@17.0.7
j  sun.awt.SunGraphicsCallback.runOneComponent(Ljava/awt/Component;Ljava/awt/Rectangle;Ljava/awt/Graphics;Ljava/awt/Shape;I)V+130 java.desktop@17.0.7
j  sun.awt.SunGraphicsCallback.runComponents([Ljava/awt/Component;Ljava/awt/Graphics;I)V+157 java.desktop@17.0.7
j  java.awt.Container.paint(Ljava/awt/Graphics;)V+58 java.desktop@17.0.7
j  java.awt.Window.paint(Ljava/awt/Graphics;)V+68 java.desktop@17.0.7
j  javax.swing.RepaintManager$4.run()Ljava/lang/Void;+142 java.desktop@17.0.7
j  javax.swing.RepaintManager$4.run()Ljava/lang/Object;+1 java.desktop@17.0.7
J 614 c1 java.security.AccessController.executePrivileged(Ljava/security/PrivilegedAction;Ljava/security/AccessControlContext;Ljava/lang/Class;)Ljava/lang/Object; java.base@17.0.7 (65 bytes) @ 0x0000021205c491b4 [0x0000021205c49060+0x0000000000000154]
j  java.security.AccessController.doPrivileged(Ljava/security/PrivilegedAction;Ljava/security/AccessControlContext;)Ljava/lang/Object;+13 java.base@17.0.7
j  java.security.ProtectionDomain$JavaSecurityAccessImpl.doIntersectionPrivilege(Ljava/security/PrivilegedAction;Ljava/security/AccessControlContext;Ljava/security/AccessControlContext;)Ljava/lang/Object;+18 java.base@17.0.7
j  javax.swing.RepaintManager.paintDirtyRegions(Ljava/util/Map;)V+154 java.desktop@17.0.7
j  javax.swing.RepaintManager.paintDirtyRegions()V+46 java.desktop@17.0.7
j  javax.swing.RepaintManager.prePaintDirtyRegions()V+73 java.desktop@17.0.7
j  javax.swing.RepaintManager$ProcessingRunnable.run()V+37 java.desktop@17.0.7
j  java.awt.event.InvocationEvent.dispatch()V+47 java.desktop@17.0.7
j  java.awt.EventQueue.dispatchEventImpl(Ljava/awt/AWTEvent;Ljava/lang/Object;)V+21 java.desktop@17.0.7
j  java.awt.EventQueue$4.run()Ljava/lang/Void;+32 java.desktop@17.0.7
j  java.awt.EventQueue$4.run()Ljava/lang/Object;+1 java.desktop@17.0.7
J 614 c1 java.security.AccessController.executePrivileged(Ljava/security/PrivilegedAction;Ljava/security/AccessControlContext;Ljava/lang/Class;)Ljava/lang/Object; java.base@17.0.7 (65 bytes) @ 0x0000021205c491b4 [0x0000021205c49060+0x0000000000000154]
j  java.security.AccessController.doPrivileged(Ljava/security/PrivilegedAction;Ljava/security/AccessControlContext;)Ljava/lang/Object;+13 java.base@17.0.7
j  java.security.ProtectionDomain$JavaSecurityAccessImpl.doIntersectionPrivilege(Ljava/security/PrivilegedAction;Ljava/security/AccessControlContext;Ljava/security/AccessControlContext;)Ljava/lang/Object;+18 java.base@17.0.7
j  java.awt.EventQueue.dispatchEvent(Ljava/awt/AWTEvent;)V+46 java.desktop@17.0.7
j  java.awt.EventDispatchThread.pumpOneEventForFilters(I)V+78 java.desktop@17.0.7
j  java.awt.EventDispatchThread.pumpEventsForFilter(ILjava/awt/Conditional;Ljava/awt/EventFilter;)V+35 java.desktop@17.0.7
j  java.awt.EventDispatchThread.pumpEventsForHierarchy(ILjava/awt/Conditional;Ljava/awt/Component;)V+11 java.desktop@17.0.7
j  java.awt.EventDispatchThread.pumpEvents(ILjava/awt/Conditional;)V+4 java.desktop@17.0.7
j  java.awt.EventDispatchThread.pumpEvents(Ljava/awt/Conditional;)V+3 java.desktop@17.0.7
j  java.awt.EventDispatchThread.run()V+9 java.desktop@17.0.7
v  ~StubRoutines::call_stub

---------------  P R O C E S S  ---------------

Threads class SMR info:
_java_thread_list=0x00000212195b6d60, length=16, elements={
0x000002121904a7e0, 0x000002121904cb60, 0x0000021219019940, 0x000002121901c400,
0x000002121906d3f0, 0x000002121906dcb0, 0x000002121906e8a0, 0x00000212190b9aa0,
0x00000212190be860, 0x00000212192bb0e0, 0x00000212193d1660, 0x00000212194b9600,
0x00000212195be030, 0x00000212195be500, 0x00000212196447b0, 0x00000212024a6510
}

Java Threads: ( => current thread )
  0x000002121904a7e0 JavaThread "Reference Handler" daemon [_thread_blocked, id=10124, stack(0x000000b963d00000,0x000000b963e00000)]
  0x000002121904cb60 JavaThread "Finalizer" daemon [_thread_blocked, id=9800, stack(0x000000b963e00000,0x000000b963f00000)]
  0x0000021219019940 JavaThread "Signal Dispatcher" daemon [_thread_blocked, id=10004, stack(0x000000b963f00000,0x000000b964000000)]
  0x000002121901c400 JavaThread "Attach Listener" daemon [_thread_blocked, id=3708, stack(0x000000b964000000,0x000000b964100000)]
  0x000002121906d3f0 JavaThread "Service Thread" daemon [_thread_blocked, id=4220, stack(0x000000b964100000,0x000000b964200000)]
  0x000002121906dcb0 JavaThread "Monitor Deflation Thread" daemon [_thread_blocked, id=9828, stack(0x000000b964200000,0x000000b964300000)]
  0x000002121906e8a0 JavaThread "C2 CompilerThread0" daemon [_thread_blocked, id=8988, stack(0x000000b964300000,0x000000b964400000)]
  0x00000212190b9aa0 JavaThread "C1 CompilerThread0" daemon [_thread_blocked, id=5692, stack(0x000000b964400000,0x000000b964500000)]
  0x00000212190be860 JavaThread "Sweeper thread" daemon [_thread_blocked, id=2156, stack(0x000000b964500000,0x000000b964600000)]
  0x00000212192bb0e0 JavaThread "Common-Cleaner" daemon [_thread_blocked, id=4444, stack(0x000000b964600000,0x000000b964700000)]
  0x00000212193d1660 JavaThread "Notification Thread" daemon [_thread_blocked, id=10040, stack(0x000000b964700000,0x000000b964800000)]
  0x00000212194b9600 JavaThread "Java2D Disposer" daemon [_thread_blocked, id=5436, stack(0x000000b964900000,0x000000b964a00000)]
  0x00000212195be030 JavaThread "AWT-Shutdown" [_thread_blocked, id=8268, stack(0x000000b964a00000,0x000000b964b00000)]
  0x00000212195be500 JavaThread "AWT-Windows" daemon [_thread_in_native, id=9728, stack(0x000000b964b00000,0x000000b964c00000)]
=>0x00000212196447b0 JavaThread "AWT-EventQueue-0" [_thread_in_vm, id=9464, stack(0x000000b964c00000,0x000000b964d00000)]
  0x00000212024a6510 JavaThread "DestroyJavaVM" [_thread_blocked, id=10016, stack(0x000000b963600000,0x000000b963700000)]

Other Threads:
  0x000002120256e5f0 VMThread "VM Thread" [stack: 0x000000b963c00000,0x000000b963d00000] [id=7776]
  0x00000212193d5b40 WatcherThread [stack: 0x000000b964800000,0x000000b964900000] [id=2092]
  0x00000212024df2f0 GCTaskThread "GC Thread#0" [stack: 0x000000b963700000,0x000000b963800000] [id=4068]
  0x00000212024e7f00 ConcurrentGCThread "G1 Main Marker" [stack: 0x000000b963800000,0x000000b963900000] [id=4792]
  0x00000212024e8910 ConcurrentGCThread "G1 Conc#0" [stack: 0x000000b963900000,0x000000b963a00000] [id=10072]
  0x000002120252e4e0 ConcurrentGCThread "G1 Refine#0" [stack: 0x000000b963a00000,0x000000b963b00000] [id=3860]
  0x00000212025307f0 ConcurrentGCThread "G1 Service" [stack: 0x000000b963b00000,0x000000b963c00000] [id=7012]

Threads with active compile tasks:

VM state: not at safepoint (normal execution)

VM Mutex/Monitor currently owned by a thread:  ([mutex/lock_event])
[0x00000212024a1360] Metaspace_lock - owner thread: 0x00000212196447b0

Heap address: 0x00000000c1a00000, size: 998 MB, Compressed Oops mode: 32-bit

CDS archive(s) not mapped
Compressed class space mapped at: 0x0000000100000000-0x0000000140000000, reserved size: 1073741824
Narrow klass base: 0x0000000000000000, Narrow klass shift: 3, Narrow klass range: 0x140000000

GC Precious Log:
 CPUs: 2 total, 2 available
 Memory: 3991M
 Large Page Support: Disabled
 NUMA Support: Disabled
 Compressed Oops: Enabled (32-bit)
 Heap Region Size: 1M
 Heap Min Capacity: 8M
 Heap Initial Capacity: 64M
 Heap Max Capacity: 998M
 Pre-touch: Disabled
 Parallel Workers: 2
 Concurrent Workers: 1
 Concurrent Refinement Workers: 2
 Periodic GC: Disabled

Heap:
 garbage-first heap   total 65536K, used 4096K [0x00000000c1a00000, 0x0000000100000000)
  region size 1024K, 5 young (5120K), 0 survivors (0K)
 Metaspace       used 12124K, committed 12352K, reserved 1114112K
  class space    used 1200K, committed 1344K, reserved 1048576K

Heap Regions: E=young(eden), S=young(survivor), O=old, HS=humongous(starts), HC=humongous(continues), CS=collection set, F=free, OA=open archive, CA=closed archive, TAMS=top-at-mark-start (previous, next)
|   0|0x00000000c1a00000, 0x00000000c1a00000, 0x00000000c1b00000|  0%| F|  |TAMS 0x00000000c1a00000, 0x00000000c1a00000| Untracked 
|   1|0x00000000c1b00000, 0x00000000c1b00000, 0x00000000c1c00000|  0%| F|  |TAMS 0x00000000c1b00000, 0x00000000c1b00000| Untracked 
|   2|0x00000000c1c00000, 0x00000000c1c00000, 0x00000000c1d00000|  0%| F|  |TAMS 0x00000000c1c00000, 0x00000000c1c00000| Untracked 
|   3|0x00000000c1d00000, 0x00000000c1d00000, 0x00000000c1e00000|  0%| F|  |TAMS 0x00000000c1d00000, 0x00000000c1d00000| Untracked 
|   4|0x00000000c1e00000, 0x00000000c1e00000, 0x00000000c1f00000|  0%| F|  |TAMS 0x00000000c1e00000, 0x00000000c1e00000| Untracked 
|   5|0x00000000c1f00000, 0x00000000c1f00000, 0x00000000c2000000|  0%| F|  |TAMS 0x00000000c1f00000, 0x00000000c1f00000| Untracked 
|   6|0x00000000c2000000, 0x00000000c2000000, 0x00000000c2100000|  0%| F|  |TAMS 0x00000000c2000000, 0x00000000c2000000| Untracked 
|   7|0x00000000c2100000, 0x00000000c2100000, 0x00000000c2200000|  0%| F|  |TAMS 0x00000000c2100000, 0x00000000c2100000| Untracked 
|   8|0x00000000c2200000, 0x00000000c2200000, 0x00000000c2300000|  0%| F|  |TAMS 0x00000000c2200000, 0x00000000c2200000| Untracked 
|   9|0x00000000c2300000, 0x00000000c2300000, 0x00000000c2400000|  0%| F|  |TAMS 0x00000000c2300000, 0x00000000c2300000| Untracked 
|  10|0x00000000c2400000, 0x00000000c2400000, 0x00000000c2500000|  0%| F|  |TAMS 0x00000000c2400000, 0x00000000c2400000| Untracked 
|  11|0x00000000c2500000, 0x00000000c2500000, 0x00000000c2600000|  0%| F|  |TAMS 0x00000000c2500000, 0x00000000c2500000| Untracked 
|  12|0x00000000c2600000, 0x00000000c2600000, 0x00000000c2700000|  0%| F|  |TAMS 0x00000000c2600000, 0x00000000c2600000| Untracked 
|  13|0x00000000c2700000, 0x00000000c2700000, 0x00000000c2800000|  0%| F|  |TAMS 0x00000000c2700000, 0x00000000c2700000| Untracked 
|  14|0x00000000c2800000, 0x00000000c2800000, 0x00000000c2900000|  0%| F|  |TAMS 0x00000000c2800000, 0x00000000c2800000| Untracked 
|  15|0x00000000c2900000, 0x00000000c2900000, 0x00000000c2a00000|  0%| F|  |TAMS 0x00000000c2900000, 0x00000000c2900000| Untracked 
|  16|0x00000000c2a00000, 0x00000000c2a00000, 0x00000000c2b00000|  0%| F|  |TAMS 0x00000000c2a00000, 0x00000000c2a00000| Untracked 
|  17|0x00000000c2b00000, 0x00000000c2b00000, 0x00000000c2c00000|  0%| F|  |TAMS 0x00000000c2b00000, 0x00000000c2b00000| Untracked 
|  18|0x00000000c2c00000, 0x00000000c2c00000, 0x00000000c2d00000|  0%| F|  |TAMS 0x00000000c2c00000, 0x00000000c2c00000| Untracked 
|  19|0x00000000c2d00000, 0x00000000c2d00000, 0x00000000c2e00000|  0%| F|  |TAMS 0x00000000c2d00000, 0x00000000c2d00000| Untracked 
|  20|0x00000000c2e00000, 0x00000000c2e00000, 0x00000000c2f00000|  0%| F|  |TAMS 0x00000000c2e00000, 0x00000000c2e00000| Untracked 
|  21|0x00000000c2f00000, 0x00000000c2f00000, 0x00000000c3000000|  0%| F|  |TAMS 0x00000000c2f00000, 0x00000000c2f00000| Untracked 
|  22|0x00000000c3000000, 0x00000000c3000000, 0x00000000c3100000|  0%| F|  |TAMS 0x00000000c3000000, 0x00000000c3000000| Untracked 
|  23|0x00000000c3100000, 0x00000000c3100000, 0x00000000c3200000|  0%| F|  |TAMS 0x00000000c3100000, 0x00000000c3100000| Untracked 
|  24|0x00000000c3200000, 0x00000000c3200000, 0x00000000c3300000|  0%| F|  |TAMS 0x00000000c3200000, 0x00000000c3200000| Untracked 
|  25|0x00000000c3300000, 0x00000000c3300000, 0x00000000c3400000|  0%| F|  |TAMS 0x00000000c3300000, 0x00000000c3300000| Untracked 
|  26|0x00000000c3400000, 0x00000000c3400000, 0x00000000c3500000|  0%| F|  |TAMS 0x00000000c3400000, 0x00000000c3400000| Untracked 
|  27|0x00000000c3500000, 0x00000000c3500000, 0x00000000c3600000|  0%| F|  |TAMS 0x00000000c3500000, 0x00000000c3500000| Untracked 
|  28|0x00000000c3600000, 0x00000000c3600000, 0x00000000c3700000|  0%| F|  |TAMS 0x00000000c3600000, 0x00000000c3600000| Untracked 
|  29|0x00000000c3700000, 0x00000000c3700000, 0x00000000c3800000|  0%| F|  |TAMS 0x00000000c3700000, 0x00000000c3700000| Untracked 
|  30|0x00000000c3800000, 0x00000000c3800000, 0x00000000c3900000|  0%| F|  |TAMS 0x00000000c3800000, 0x00000000c3800000| Untracked 
|  31|0x00000000c3900000, 0x00000000c3900000, 0x00000000c3a00000|  0%| F|  |TAMS 0x00000000c3900000, 0x00000000c3900000| Untracked 
|  32|0x00000000c3a00000, 0x00000000c3a00000, 0x00000000c3b00000|  0%| F|  |TAMS 0x00000000c3a00000, 0x00000000c3a00000| Untracked 
|  33|0x00000000c3b00000, 0x00000000c3b00000, 0x00000000c3c00000|  0%| F|  |TAMS 0x00000000c3b00000, 0x00000000c3b00000| Untracked 
|  34|0x00000000c3c00000, 0x00000000c3c00000, 0x00000000c3d00000|  0%| F|  |TAMS 0x00000000c3c00000, 0x00000000c3c00000| Untracked 
|  35|0x00000000c3d00000, 0x00000000c3d00000, 0x00000000c3e00000|  0%| F|  |TAMS 0x00000000c3d00000, 0x00000000c3d00000| Untracked 
|  36|0x00000000c3e00000, 0x00000000c3e00000, 0x00000000c3f00000|  0%| F|  |TAMS 0x00000000c3e00000, 0x00000000c3e00000| Untracked 
|  37|0x00000000c3f00000, 0x00000000c3f00000, 0x00000000c4000000|  0%| F|  |TAMS 0x00000000c3f00000, 0x00000000c3f00000| Untracked 
|  38|0x00000000c4000000, 0x00000000c4000000, 0x00000000c4100000|  0%| F|  |TAMS 0x00000000c4000000, 0x00000000c4000000| Untracked 
|  39|0x00000000c4100000, 0x00000000c4100000, 0x00000000c4200000|  0%| F|  |TAMS 0x00000000c4100000, 0x00000000c4100000| Untracked 
|  40|0x00000000c4200000, 0x00000000c4200000, 0x00000000c4300000|  0%| F|  |TAMS 0x00000000c4200000, 0x00000000c4200000| Untracked 
|  41|0x00000000c4300000, 0x00000000c4300000, 0x00000000c4400000|  0%| F|  |TAMS 0x00000000c4300000, 0x00000000c4300000| Untracked 
|  42|0x00000000c4400000, 0x00000000c4400000, 0x00000000c4500000|  0%| F|  |TAMS 0x00000000c4400000, 0x00000000c4400000| Untracked 
|  43|0x00000000c4500000, 0x00000000c4500000, 0x00000000c4600000|  0%| F|  |TAMS 0x00000000c4500000, 0x00000000c4500000| Untracked 
|  44|0x00000000c4600000, 0x00000000c4600000, 0x00000000c4700000|  0%| F|  |TAMS 0x00000000c4600000, 0x00000000c4600000| Untracked 
|  45|0x00000000c4700000, 0x00000000c4700000, 0x00000000c4800000|  0%| F|  |TAMS 0x00000000c4700000, 0x00000000c4700000| Untracked 
|  46|0x00000000c4800000, 0x00000000c4800000, 0x00000000c4900000|  0%| F|  |TAMS 0x00000000c4800000, 0x00000000c4800000| Untracked 
|  47|0x00000000c4900000, 0x00000000c4900000, 0x00000000c4a00000|  0%| F|  |TAMS 0x00000000c4900000, 0x00000000c4900000| Untracked 
|  48|0x00000000c4a00000, 0x00000000c4a00000, 0x00000000c4b00000|  0%| F|  |TAMS 0x00000000c4a00000, 0x00000000c4a00000| Untracked 
|  49|0x00000000c4b00000, 0x00000000c4b00000, 0x00000000c4c00000|  0%| F|  |TAMS 0x00000000c4b00000, 0x00000000c4b00000| Untracked 
|  50|0x00000000c4c00000, 0x00000000c4c00000, 0x00000000c4d00000|  0%| F|  |TAMS 0x00000000c4c00000, 0x00000000c4c00000| Untracked 
|  51|0x00000000c4d00000, 0x00000000c4d00000, 0x00000000c4e00000|  0%| F|  |TAMS 0x00000000c4d00000, 0x00000000c4d00000| Untracked 
|  52|0x00000000c4e00000, 0x00000000c4e00000, 0x00000000c4f00000|  0%| F|  |TAMS 0x00000000c4e00000, 0x00000000c4e00000| Untracked 
|  53|0x00000000c4f00000, 0x00000000c4f00000, 0x00000000c5000000|  0%| F|  |TAMS 0x00000000c4f00000, 0x00000000c4f00000| Untracked 
|  54|0x00000000c5000000, 0x00000000c5000000, 0x00000000c5100000|  0%| F|  |TAMS 0x00000000c5000000, 0x00000000c5000000| Untracked 
|  55|0x00000000c5100000, 0x00000000c5100000, 0x00000000c5200000|  0%| F|  |TAMS 0x00000000c5100000, 0x00000000c5100000| Untracked 
|  56|0x00000000c5200000, 0x00000000c5200000, 0x00000000c5300000|  0%| F|  |TAMS 0x00000000c5200000, 0x00000000c5200000| Untracked 
|  57|0x00000000c5300000, 0x00000000c5300000, 0x00000000c5400000|  0%| F|  |TAMS 0x00000000c5300000, 0x00000000c5300000| Untracked 
|  58|0x00000000c5400000, 0x00000000c5400000, 0x00000000c5500000|  0%| F|  |TAMS 0x00000000c5400000, 0x00000000c5400000| Untracked 
|  59|0x00000000c5500000, 0x00000000c55b9018, 0x00000000c5600000| 72%| E|  |TAMS 0x00000000c5500000, 0x00000000c5500000| Complete 
|  60|0x00000000c5600000, 0x00000000c5700000, 0x00000000c5700000|100%| E|CS|TAMS 0x00000000c5600000, 0x00000000c5600000| Complete 
|  61|0x00000000c5700000, 0x00000000c5800000, 0x00000000c5800000|100%| E|CS|TAMS 0x00000000c5700000, 0x00000000c5700000| Complete 
|  62|0x00000000c5800000, 0x00000000c5900000, 0x00000000c5900000|100%| E|CS|TAMS 0x00000000c5800000, 0x00000000c5800000| Complete 
|  63|0x00000000c5900000, 0x00000000c5a00000, 0x00000000c5a00000|100%| E|CS|TAMS 0x00000000c5900000, 0x00000000c5900000| Complete 

Card table byte_map: [0x0000021202270000,0x0000021202470000] _byte_map_base: 0x0000021201c63000

Marking Bits (Prev, Next): (CMBitMap*) 0x00000212024df900, (CMBitMap*) 0x00000212024df940
 Prev Bits: [0x0000021214d60000, 0x0000021215cf8000)
 Next Bits: [0x0000021215d00000, 0x0000021216c98000)

Polling page: 0x0000021200340000

Metaspace:

Usage:
  Non-class:     10.67 MB used.
      Class:      1.17 MB used.
       Both:     11.84 MB used.

Virtual space:
  Non-class space:       64.00 MB reserved,      10.75 MB ( 17%) committed,  1 nodes.
      Class space:        1.00 GB reserved,       1.31 MB ( <1%) committed,  1 nodes.
             Both:        1.06 GB reserved,      12.06 MB (  1%) committed. 

Chunk freelists:
   Non-Class:  4.99 MB
       Class:  14.74 MB
        Both:  19.73 MB

MaxMetaspaceSize: unlimited
CompressedClassSpaceSize: 1.00 GB
Initial GC threshold: 21.00 MB
Current GC threshold: 21.00 MB
CDS: off
MetaspaceReclaimPolicy: balanced
 - commit_granule_bytes: 65536.
 - commit_granule_words: 8192.
 - virtual_space_node_default_size: 8388608.
 - enlarge_chunks_in_place: 1.
 - new_chunks_are_fully_committed: 0.
 - uncommit_free_chunks: 1.
 - use_allocation_guard: 0.
 - handle_deallocations: 1.


Internal statistics:

num_allocs_failed_limit: 0.
num_arena_births: 108.
num_arena_deaths: 0.
num_vsnodes_births: 2.
num_vsnodes_deaths: 0.
num_space_committed: 193.
num_space_uncommitted: 0.
num_chunks_returned_to_freelist: 0.
num_chunks_taken_from_freelist: 170.
num_chunk_merges: 0.
num_chunk_splits: 89.
num_chunks_enlarged: 30.
num_inconsistent_stats: 0.

CodeHeap 'non-profiled nmethods': size=120064Kb used=161Kb max_used=161Kb free=119902Kb
 bounds [0x000002120d620000, 0x000002120d890000, 0x0000021214b60000]
CodeHeap 'profiled nmethods': size=120000Kb used=943Kb max_used=943Kb free=119056Kb
 bounds [0x0000021205b60000, 0x0000021205dd0000, 0x000002120d090000]
CodeHeap 'non-nmethods': size=5696Kb used=1216Kb max_used=1226Kb free=4480Kb
 bounds [0x000002120d090000, 0x000002120d300000, 0x000002120d620000]
 total_blobs=1151 nmethods=621 adapters=444
 compilation: enabled
              stopped_count=0, restarted_count=0
 full_count=0

Compilation events (20 events):
Event: 1.416 Thread 0x00000212190b9aa0  612       3       java.lang.Thread::interrupted (23 bytes)
Event: 1.417 Thread 0x00000212190b9aa0 nmethod 612 0x0000021205c48410 code [0x0000021205c485c0, 0x0000021205c48748]
Event: 1.417 Thread 0x00000212190b9aa0  613       3       java.util.concurrent.locks.AbstractQueuedSynchronizer$ConditionObject::canReacquire (28 bytes)
Event: 1.417 Thread 0x00000212190b9aa0 nmethod 613 0x0000021205c48810 code [0x0000021205c489c0, 0x0000021205c48d18]
Event: 1.418 Thread 0x00000212190b9aa0  614       3       java.security.AccessController::executePrivileged (65 bytes)
Event: 1.419 Thread 0x00000212190b9aa0 nmethod 614 0x0000021205c48e90 code [0x0000021205c49060, 0x0000021205c49358]
Event: 1.450 Thread 0x00000212190b9aa0  615       3       java.util.AbstractList::<init> (10 bytes)
Event: 1.451 Thread 0x00000212190b9aa0 nmethod 615 0x0000021205c49490 code [0x0000021205c49640, 0x0000021205c49818]
Event: 1.451 Thread 0x00000212190b9aa0  616       1       java.awt.Component::getParent_NoClientCode (5 bytes)
Event: 1.451 Thread 0x00000212190b9aa0 nmethod 616 0x000002120d648410 code [0x000002120d6485a0, 0x000002120d648678]
Event: 1.451 Thread 0x00000212190b9aa0  617       3       java.lang.Enum::<init> (15 bytes)
Event: 1.451 Thread 0x00000212190b9aa0 nmethod 617 0x0000021205c49910 code [0x0000021205c49aa0, 0x0000021205c49c58]
Event: 1.453 Thread 0x00000212190b9aa0  618       3       jdk.internal.logger.SimpleConsoleLogger::isLoggable (29 bytes)
Event: 1.453 Thread 0x00000212190b9aa0 nmethod 618 0x0000021205c49d10 code [0x0000021205c49ec0, 0x0000021205c4a208]
Event: 1.453 Thread 0x00000212190b9aa0  619       3       jdk.internal.logger.SimpleConsoleLogger::effectiveLevel (17 bytes)
Event: 1.454 Thread 0x00000212190b9aa0 nmethod 619 0x0000021205c4a310 code [0x0000021205c4a4c0, 0x0000021205c4a6e8]
Event: 1.454 Thread 0x00000212190b9aa0  620       3       jdk.internal.logger.SurrogateLogger::defaultPlatformLevel (4 bytes)
Event: 1.454 Thread 0x00000212190b9aa0 nmethod 620 0x0000021205c4a790 code [0x0000021205c4a920, 0x0000021205c4aa38]
Event: 1.459 Thread 0x00000212190b9aa0  621   !   3       jdk.internal.logger.LazyLoggers$LazyLoggerAccessor::platform (103 bytes)
Event: 1.460 Thread 0x00000212190b9aa0 nmethod 621 0x0000021205c4ab10 code [0x0000021205c4ad60, 0x0000021205c4ba08]

GC Heap History (0 events):
No events

Dll operation events (7 events):
Event: 0.018 Loaded shared library C:\Users\JaGaDesH\.p2\pool\plugins\org.eclipse.justj.openjdk.hotspot.jre.full.win32.x86_64_17.0.7.v20230425-1502\jre\bin\java.dll
Event: 0.570 Loaded shared library C:\Users\JaGaDesH\.p2\pool\plugins\org.eclipse.justj.openjdk.hotspot.jre.full.win32.x86_64_17.0.7.v20230425-1502\jre\bin\net.dll
Event: 0.574 Loaded shared library C:\Users\JaGaDesH\.p2\pool\plugins\org.eclipse.justj.openjdk.hotspot.jre.full.win32.x86_64_17.0.7.v20230425-1502\jre\bin\nio.dll
Event: 0.749 Loaded shared library C:\Users\JaGaDesH\.p2\pool\plugins\org.eclipse.justj.openjdk.hotspot.jre.full.win32.x86_64_17.0.7.v20230425-1502\jre\bin\jimage.dll
Event: 0.792 Loaded shared library C:\Users\JaGaDesH\.p2\pool\plugins\org.eclipse.justj.openjdk.hotspot.jre.full.win32.x86_64_17.0.7.v20230425-1502\jre\bin\awt.dll
Event: 1.306 Loaded shared library C:\Users\JaGaDesH\.p2\pool\plugins\org.eclipse.justj.openjdk.hotspot.jre.full.win32.x86_64_17.0.7.v20230425-1502\jre\bin\freetype.dll
Event: 1.308 Loaded shared library C:\Users\JaGaDesH\.p2\pool\plugins\org.eclipse.justj.openjdk.hotspot.jre.full.win32.x86_64_17.0.7.v20230425-1502\jre\bin\fontmanager.dll

Deoptimization events (8 events):
Event: 0.704 Thread 0x00000212024a6510 Uncommon trap: trap_request=0xffffff45 fr.pc=0x000002120d6263dc relative=0x000000000000005c
Event: 0.705 Thread 0x00000212024a6510 Uncommon trap: reason=unstable_if action=reinterpret pc=0x000002120d6263dc method=java.lang.String.isLatin1()Z @ 10 c2
Event: 0.705 Thread 0x00000212024a6510 DEOPT PACKING pc=0x000002120d6263dc sp=0x000000b9636fe420
Event: 0.705 Thread 0x00000212024a6510 DEOPT UNPACKING pc=0x000002120d0e699d sp=0x000000b9636fe3b0 mode 2
Event: 1.350 Thread 0x00000212024a6510 DEOPT PACKING pc=0x0000021205b71ce7 sp=0x000000b9636fd1d0
Event: 1.350 Thread 0x00000212024a6510 DEOPT UNPACKING pc=0x000002120d0e7124 sp=0x000000b9636fc5f0 mode 0
Event: 1.366 Thread 0x00000212024a6510 DEOPT PACKING pc=0x0000021205b71ce7 sp=0x000000b9636fc7f0
Event: 1.366 Thread 0x00000212024a6510 DEOPT UNPACKING pc=0x000002120d0e7124 sp=0x000000b9636fbc10 mode 0

Classes unloaded (0 events):
No events

Classes redefined (0 events):
No events

Internal exceptions (14 events):
Event: 0.607 Thread 0x00000212024a6510 Exception <a 'java/lang/NoSuchMethodError'{0x00000000c59e9ca0}: 'void java.lang.invoke.DirectMethodHandle$Holder.invokeVirtual(java.lang.Object, java.lang.Object)'> (0x00000000c59e9ca0) 
thrown [s\src\hotspot\share\interpreter\linkResolver.cpp, line 759]
Event: 0.756 Thread 0x00000212024a6510 Exception <a 'sun/nio/fs/WindowsException'{0x00000000c588bd40}> (0x00000000c588bd40) 
thrown [s\src\hotspot\share\prims\jni.cpp, line 516]
Event: 0.768 Thread 0x00000212024a6510 Exception <a 'java/lang/ClassNotFoundException'{0x00000000c5892020}: sun/awt/resources/spi/awtProvider> (0x00000000c5892020) 
thrown [s\src\hotspot\share\classfile\systemDictionary.cpp, line 256]
Event: 0.833 Thread 0x00000212024a6510 Exception <a 'java/io/FileNotFoundException'{0x00000000c58e5bd0}> (0x00000000c58e5bd0) 
thrown [s\src\hotspot\share\prims\jni.cpp, line 516]
Event: 0.870 Thread 0x00000212024a6510 Exception <a 'java/io/FileNotFoundException'{0x00000000c5713570}> (0x00000000c5713570) 
thrown [s\src\hotspot\share\prims\jni.cpp, line 516]
Event: 0.985 Thread 0x00000212024a6510 Exception <a 'java/lang/NoSuchMethodError'{0x00000000c575eb88}: 'java.lang.Object java.lang.invoke.DirectMethodHandle$Holder.invokeStaticInit(java.lang.Object)'> (0x00000000c575eb88) 
thrown [s\src\hotspot\share\interpreter\linkResolver.cpp, line 759]
Event: 1.066 Thread 0x00000212024a6510 Exception <a 'java/lang/NoSuchMethodError'{0x00000000c57c7090}: 'void java.lang.invoke.DirectMethodHandle$Holder.invokeSpecial(java.lang.Object, java.lang.Object, java.lang.Object)'> (0x00000000c57c7090) 
thrown [s\src\hotspot\share\interpreter\linkResolver.cpp, line 759]
Event: 1.089 Thread 0x00000212024a6510 Exception <a 'java/lang/NoSuchMethodError'{0x00000000c57f17b8}: 'java.lang.Object java.lang.invoke.DirectMethodHandle$Holder.newInvokeSpecial(java.lang.Object, java.lang.Object, java.lang.Object, java.lang.Object, java.lang.Object)'> (0x00000000c57f17b8) 
thrown [s\src\hotspot\share\interpreter\linkResolver.cpp, line 759]
Event: 1.095 Thread 0x00000212024a6510 Exception <a 'java/lang/NoSuchMethodError'{0x00000000c57fd3f0}: 'java.lang.Object java.lang.invoke.DirectMethodHandle$Holder.invokeStatic(java.lang.Object, int, java.lang.Object, java.lang.Object, java.lang.Object, java.lang.Object)'> (0x00000000c57fd3f0) 
thrown [s\src\hotspot\share\interpreter\linkResolver.cpp, line 759]
Event: 1.108 Thread 0x00000212024a6510 Exception <a 'java/lang/NoSuchMethodError'{0x00000000c5623340}: 'java.lang.Object java.lang.invoke.DirectMethodHandle$Holder.invokeStatic(java.lang.Object, int, java.lang.Object)'> (0x00000000c5623340) 
thrown [s\src\hotspot\share\interpreter\linkResolver.cpp, line 759]
Event: 1.220 Thread 0x00000212024a6510 Exception <a 'java/lang/ClassNotFoundException'{0x00000000c56dbcb8}: com/sun/swing/internal/plaf/metal/resources/spi/metalProvider> (0x00000000c56dbcb8) 
thrown [s\src\hotspot\share\classfile\systemDictionary.cpp, line 256]
Event: 1.222 Thread 0x00000212024a6510 Exception <a 'java/lang/ClassNotFoundException'{0x00000000c56dfb10}: com/sun/swing/internal/plaf/basic/resources/spi/basicProvider> (0x00000000c56dfb10) 
thrown [s\src\hotspot\share\classfile\systemDictionary.cpp, line 256]
Event: 1.295 Thread 0x00000212024a6510 Exception <a 'java/lang/NoSuchMethodError'{0x00000000c553a160}: 'void java.lang.invoke.DirectMethodHandle$Holder.invokeStaticInit(java.lang.Object)'> (0x00000000c553a160) 
thrown [s\src\hotspot\share\interpreter\linkResolver.cpp, line 759]
Event: 1.397 Thread 0x00000212024a6510 Exception <a 'sun/nio/fs/WindowsException'{0x00000000c5596fc0}> (0x00000000c5596fc0) 
thrown [s\src\hotspot\share\prims\jni.cpp, line 516]

VM Operations (10 events):
Event: 0.655 Executing VM operation: HandshakeAllThreads
Event: 0.655 Executing VM operation: HandshakeAllThreads done
Event: 1.269 Executing VM operation: HandshakeAllThreads
Event: 1.269 Executing VM operation: HandshakeAllThreads done
Event: 1.269 Executing VM operation: Cleanup
Event: 1.269 Executing VM operation: Cleanup done
Event: 1.366 Executing VM operation: HandshakeAllThreads
Event: 1.366 Executing VM operation: HandshakeAllThreads done
Event: 1.450 Executing VM operation: HandshakeAllThreads
Event: 1.450 Executing VM operation: HandshakeAllThreads done

Events (20 events):
Event: 1.456 loading class java/lang/StrictMath
Event: 1.456 loading class java/lang/StrictMath done
Event: 1.456 loading class java/awt/GraphicsCallback$PaintCallback
Event: 1.457 loading class java/awt/GraphicsCallback
Event: 1.457 loading class sun/awt/SunGraphicsCallback
Event: 1.457 loading class sun/awt/SunGraphicsCallback done
Event: 1.457 loading class java/awt/GraphicsCallback done
Event: 1.457 loading class java/awt/GraphicsCallback$PaintCallback done
Event: 1.457 loading class sun/awt/image/BufferedImageGraphicsConfig
Event: 1.458 loading class sun/awt/image/BufferedImageGraphicsConfig done
Event: 1.458 loading class sun/print/PrinterGraphicsConfig
Event: 1.458 loading class sun/print/PrinterGraphicsConfig done
Event: 1.458 loading class sun/java2d/opengl/WGLGraphicsConfig
Event: 1.458 loading class sun/java2d/opengl/OGLGraphicsConfig
Event: 1.458 loading class sun/java2d/opengl/OGLGraphicsConfig done
Event: 1.458 loading class sun/java2d/opengl/WGLGraphicsConfig done
Event: 1.458 loading class sun/awt/image/BufImgVolatileSurfaceManager
Event: 1.459 loading class sun/awt/image/BufImgVolatileSurfaceManager done
Event: 1.459 loading class java/awt/image/Raster
Event: 1.459 loading class java/awt/image/Raster done


Dynamic libraries:
0x00007ff6adce0000 - 0x00007ff6adcee000 	C:\Users\JaGaDesH\.p2\pool\plugins\org.eclipse.justj.openjdk.hotspot.jre.full.win32.x86_64_17.0.7.v20230425-1502\jre\bin\javaw.exe
0x00007fff42bf0000 - 0x00007fff42de8000 	C:\Windows\SYSTEM32\ntdll.dll
0x00007fff40c50000 - 0x00007fff40d0d000 	C:\Windows\System32\KERNEL32.DLL
0x00007fff40740000 - 0x00007fff40a36000 	C:\Windows\System32\KERNELBASE.dll
0x00007fff3db80000 - 0x00007fff3dc11000 	C:\Windows\SYSTEM32\apphelp.dll
0x00007fff40330000 - 0x00007fff40430000 	C:\Windows\System32\ucrtbase.dll
0x00007fff2ff80000 - 0x00007fff2ff97000 	C:\Users\JaGaDesH\.p2\pool\plugins\org.eclipse.justj.openjdk.hotspot.jre.full.win32.x86_64_17.0.7.v20230425-1502\jre\bin\jli.dll
0x00007fff40e80000 - 0x00007fff4101e000 	C:\Windows\System32\USER32.dll
0x00007fff402d0000 - 0x00007fff402f2000 	C:\Windows\System32\win32u.dll
0x00007fff41160000 - 0x00007fff4118c000 	C:\Windows\System32\GDI32.dll
0x00007fff40b30000 - 0x00007fff40c4a000 	C:\Windows\System32\gdi32full.dll
0x00007fff40a90000 - 0x00007fff40b2d000 	C:\Windows\System32\msvcp_win.dll
0x00007fff2ff60000 - 0x00007fff2ff79000 	C:\Users\JaGaDesH\.p2\pool\plugins\org.eclipse.justj.openjdk.hotspot.jre.full.win32.x86_64_17.0.7.v20230425-1502\jre\bin\VCRUNTIME140.dll
0x00007fff32340000 - 0x00007fff325da000 	C:\Windows\WinSxS\amd64_microsoft.windows.common-controls_6595b64144ccf1df_6.0.19041.1110_none_60b5254171f9507e\COMCTL32.dll
0x00007fff417c0000 - 0x00007fff4185e000 	C:\Windows\System32\msvcrt.dll
0x00007fff41190000 - 0x00007fff411c0000 	C:\Windows\System32\IMM32.DLL
0x00007fff2f650000 - 0x00007fff2f65c000 	C:\Users\JaGaDesH\.p2\pool\plugins\org.eclipse.justj.openjdk.hotspot.jre.full.win32.x86_64_17.0.7.v20230425-1502\jre\bin\vcruntime140_1.dll
0x00007fff2f5b0000 - 0x00007fff2f641000 	C:\Users\JaGaDesH\.p2\pool\plugins\org.eclipse.justj.openjdk.hotspot.jre.full.win32.x86_64_17.0.7.v20230425-1502\jre\bin\msvcp140.dll
0x00007fff1c990000 - 0x00007fff1d5d8000 	C:\Users\JaGaDesH\.p2\pool\plugins\org.eclipse.justj.openjdk.hotspot.jre.full.win32.x86_64_17.0.7.v20230425-1502\jre\bin\server\jvm.dll
0x00007fff42200000 - 0x00007fff422ae000 	C:\Windows\System32\ADVAPI32.dll
0x00007fff40d10000 - 0x00007fff40dac000 	C:\Windows\System32\sechost.dll
0x00007fff42980000 - 0x00007fff42aa6000 	C:\Windows\System32\RPCRT4.dll
0x00007fff38b40000 - 0x00007fff38b49000 	C:\Windows\SYSTEM32\WSOCK32.dll
0x00007fff41270000 - 0x00007fff412db000 	C:\Windows\System32\WS2_32.dll
0x00007fff29f50000 - 0x00007fff29f77000 	C:\Windows\SYSTEM32\WINMM.dll
0x00007fff31d70000 - 0x00007fff31d7a000 	C:\Windows\SYSTEM32\VERSION.dll
0x00007fff3e160000 - 0x00007fff3e172000 	C:\Windows\SYSTEM32\kernel.appcore.dll
0x00007fff341d0000 - 0x00007fff341da000 	C:\Users\JaGaDesH\.p2\pool\plugins\org.eclipse.justj.openjdk.hotspot.jre.full.win32.x86_64_17.0.7.v20230425-1502\jre\bin\jimage.dll
0x00007fff378a0000 - 0x00007fff37a84000 	C:\Windows\SYSTEM32\DBGHELP.DLL
0x00007fff37860000 - 0x00007fff37894000 	C:\Windows\SYSTEM32\dbgcore.DLL
0x00007fff406b0000 - 0x00007fff40732000 	C:\Windows\System32\bcryptPrimitives.dll
0x00007fff2ff30000 - 0x00007fff2ff55000 	C:\Users\JaGaDesH\.p2\pool\plugins\org.eclipse.justj.openjdk.hotspot.jre.full.win32.x86_64_17.0.7.v20230425-1502\jre\bin\java.dll
0x00007fff33150000 - 0x00007fff33168000 	C:\Users\JaGaDesH\.p2\pool\plugins\org.eclipse.justj.openjdk.hotspot.jre.full.win32.x86_64_17.0.7.v20230425-1502\jre\bin\zip.dll
0x00007fff41860000 - 0x00007fff41fa5000 	C:\Windows\System32\SHELL32.dll
0x00007fff3e360000 - 0x00007fff3eafb000 	C:\Windows\SYSTEM32\windows.storage.dll
0x00007fff42540000 - 0x00007fff42894000 	C:\Windows\System32\combase.dll
0x00007fff3fc40000 - 0x00007fff3fc6e000 	C:\Windows\SYSTEM32\Wldp.dll
0x00007fff411c0000 - 0x00007fff4126d000 	C:\Windows\System32\SHCORE.dll
0x00007fff42ac0000 - 0x00007fff42b15000 	C:\Windows\System32\shlwapi.dll
0x00007fff40200000 - 0x00007fff40225000 	C:\Windows\SYSTEM32\profapi.dll
0x00007fff2fb10000 - 0x00007fff2fb29000 	C:\Users\JaGaDesH\.p2\pool\plugins\org.eclipse.justj.openjdk.hotspot.jre.full.win32.x86_64_17.0.7.v20230425-1502\jre\bin\net.dll
0x00007fff37700000 - 0x00007fff3780a000 	C:\Windows\SYSTEM32\WINHTTP.dll
0x00007fff3f9a0000 - 0x00007fff3fa0a000 	C:\Windows\system32\mswsock.dll
0x00007fff2faf0000 - 0x00007fff2fb05000 	C:\Users\JaGaDesH\.p2\pool\plugins\org.eclipse.justj.openjdk.hotspot.jre.full.win32.x86_64_17.0.7.v20230425-1502\jre\bin\nio.dll
0x00007fff2d890000 - 0x00007fff2da1e000 	C:\Users\JaGaDesH\.p2\pool\plugins\org.eclipse.justj.openjdk.hotspot.jre.full.win32.x86_64_17.0.7.v20230425-1502\jre\bin\awt.dll
0x00007fff40db0000 - 0x00007fff40e7d000 	C:\Windows\System32\OLEAUT32.dll
0x00007fff3df50000 - 0x00007fff3df7f000 	C:\Windows\system32\DWMAPI.DLL
0x00007fff3dc90000 - 0x00007fff3dd2e000 	C:\Windows\system32\uxtheme.dll
0x00007fff2c090000 - 0x00007fff2c1b5000 	C:\Windows\system32\opengl32.dll
0x00007fff34010000 - 0x00007fff3403c000 	C:\Windows\SYSTEM32\GLU32.dll
0x00007fff420e0000 - 0x00007fff421f4000 	C:\Windows\System32\MSCTF.dll
0x00007fff41fb0000 - 0x00007fff420da000 	C:\Windows\System32\ole32.dll
0x00007fff2f520000 - 0x00007fff2f5a6000 	C:\Users\JaGaDesH\.p2\pool\plugins\org.eclipse.justj.openjdk.hotspot.jre.full.win32.x86_64_17.0.7.v20230425-1502\jre\bin\freetype.dll
0x00007fff2d600000 - 0x00007fff2d6c5000 	C:\Users\JaGaDesH\.p2\pool\plugins\org.eclipse.justj.openjdk.hotspot.jre.full.win32.x86_64_17.0.7.v20230425-1502\jre\bin\fontmanager.dll
0x00007fff35fb0000 - 0x00007fff360aa000 	C:\Windows\SYSTEM32\textinputframework.dll
0x00007fff3d5a0000 - 0x00007fff3d8fe000 	C:\Windows\System32\CoreUIComponents.dll
0x00007fff3d2e0000 - 0x00007fff3d3d2000 	C:\Windows\System32\CoreMessaging.dll
0x00007fff3f3f0000 - 0x00007fff3f423000 	C:\Windows\SYSTEM32\ntmarta.dll
0x00007fff3c370000 - 0x00007fff3c4c5000 	C:\Windows\SYSTEM32\wintypes.dll

dbghelp: loaded successfully - version: 4.0.5 - missing functions: none
symbol engine: initialized successfully - sym options: 0x614 - pdb path: .;C:\Users\JaGaDesH\.p2\pool\plugins\org.eclipse.justj.openjdk.hotspot.jre.full.win32.x86_64_17.0.7.v20230425-1502\jre\bin;C:\Windows\SYSTEM32;C:\Windows\WinSxS\amd64_microsoft.windows.common-controls_6595b64144ccf1df_6.0.19041.1110_none_60b5254171f9507e;C:\Users\JaGaDesH\.p2\pool\plugins\org.eclipse.justj.openjdk.hotspot.jre.full.win32.x86_64_17.0.7.v20230425-1502\jre\bin\server

VM Arguments:
jvm_args: -Dfile.encoding=UTF-8 --module-path=D:\E-projects\SNAKEgAME\bin -XX:+ShowCodeDetailsInExceptionMessages -Djdk.module.main=SNAKEgAME 
java_command: SNAKEgAME/SG1.SnakeGame1
java_class_path (initial): <not set>
Launcher Type: SUN_STANDARD

[Global flags]
     intx CICompilerCount                          = 2                                         {product} {ergonomic}
     uint ConcGCThreads                            = 1                                         {product} {ergonomic}
     uint G1ConcRefinementThreads                  = 2                                         {product} {ergonomic}
   size_t G1HeapRegionSize                         = 1048576                                   {product} {ergonomic}
    uintx GCDrainStackTargetSize                   = 64                                        {product} {ergonomic}
   size_t InitialHeapSize                          = 67108864                                  {product} {ergonomic}
   size_t MarkStackSize                            = 4194304                                   {product} {ergonomic}
   size_t MaxHeapSize                              = 1046478848                                {product} {ergonomic}
   size_t MaxNewSize                               = 627048448                                 {product} {ergonomic}
   size_t MinHeapDeltaBytes                        = 1048576                                   {product} {ergonomic}
   size_t MinHeapSize                              = 8388608                                   {product} {ergonomic}
    uintx NonNMethodCodeHeapSize                   = 5826188                                {pd product} {ergonomic}
    uintx NonProfiledCodeHeapSize                  = 122916026                              {pd product} {ergonomic}
    uintx ProfiledCodeHeapSize                     = 122916026                              {pd product} {ergonomic}
    uintx ReservedCodeCacheSize                    = 251658240                              {pd product} {ergonomic}
     bool SegmentedCodeCache                       = true                                      {product} {ergonomic}
     bool ShowCodeDetailsInExceptionMessages       = true                                   {manageable} {command line}
   size_t SoftMaxHeapSize                          = 1046478848                             {manageable} {ergonomic}
     bool UseCompressedClassPointers               = true                           {product lp64_product} {ergonomic}
     bool UseCompressedOops                        = true                           {product lp64_product} {ergonomic}
     bool UseG1GC                                  = true                                      {product} {ergonomic}
     bool UseLargePagesIndividualAllocation        = false                                  {pd product} {ergonomic}

Logging:
Log output configuration:
 #0: stdout all=warning uptime,level,tags
 #1: stderr all=off uptime,level,tags

Environment Variables:
PATH=C:/Users/JaGaDesH/.p2/pool/plugins/org.eclipse.justj.openjdk.hotspot.jre.full.win32.x86_64_17.0.7.v20230425-1502/jre/bin/server;C:/Users/JaGaDesH/.p2/pool/plugins/org.eclipse.justj.openjdk.hotspot.jre.full.win32.x86_64_17.0.7.v20230425-1502/jre/bin;C:\Program Files\Common Files\Oracle\Java\javapath;C:\Program Files (x86)\NVIDIA Corporation\PhysX\Common;C:\Windows\system32;C:\Windows;C:\Windows\System32\Wbem;C:\Windows\System32\WindowsPowerShell\v1.0\;C:\Windows\System32\OpenSSH\;C:\Program Files\dotnet\;C:\Program Files\Git\cmd;C:\Program Files\MySQL\MySQL Server 8.0\bin;C:\Program Files\MySQL\MySQL Shell 8.0\bin\;C:\Users\JaGaDesH\AppData\Local\Microsoft\WindowsApps;C:\Users\JaGaDesH\AppData\Local\GitHubDesktop\bin;C:\Windows\system32;
USERNAME=JaGaDesH
OS=Windows_NT
PROCESSOR_IDENTIFIER=Intel64 Family 6 Model 58 Stepping 9, GenuineIntel
TMP=C:\Users\JaGaDesH\AppData\Local\Temp
TEMP=C:\Users\JaGaDesH\AppData\Local\Temp



---------------  S Y S T E M  ---------------

OS:
 Windows 10 , 64 bit Build 19041 (10.0.19041.3393)
OS uptime: 0 days 5:04 hours

CPU: total 2 (initial active 2) (2 cores per cpu, 1 threads per core) family 6 model 58 stepping 9 microcode 0x21, cx8, cmov, fxsr, mmx, sse, sse2, sse3, ssse3, sse4.1, sse4.2, popcnt, tsc, tscinvbit, erms, clmul, clflush

Memory: 4k page, system-wide physical 3991M (681M free)
TotalPageFile size 6779M (AvailPageFile size 2M)
current process WorkingSet (physical memory assigned to process): 54M, peak: 54M
current process commit charge ("private bytes"): 135M, peak: 135M

vm_info: OpenJDK 64-Bit Server VM (17.0.7+7) for windows-amd64 JRE (17.0.7+7), built on Apr 18 2023 22:10:42 by "temurin" with MS VC++ 16.7 (VS2019)

END.
